2026-05-17 15:50:44,724 INFO o.a.j.u.JMeterUtils: Setting Locale to en_EN
2026-05-17 15:50:44,736 INFO o.a.j.JMeter: Loading user properties from: /opt/homebrew/Cellar/jmeter/5.6.3/libexec/bin/user.properties
2026-05-17 15:50:44,736 INFO o.a.j.JMeter: Loading system properties from: /opt/homebrew/Cellar/jmeter/5.6.3/libexec/bin/system.properties
2026-05-17 15:50:44,739 INFO o.a.j.JMeter: Copyright (c) 1998-2024 The Apache Software Foundation
2026-05-17 15:50:44,739 INFO o.a.j.JMeter: Version 5.6.3
2026-05-17 15:50:44,739 INFO o.a.j.JMeter: java.version=21.0.9
2026-05-17 15:50:44,739 INFO o.a.j.JMeter: java.vm.name=OpenJDK 64-Bit Server VM
2026-05-17 15:50:44,739 INFO o.a.j.JMeter: os.name=Mac OS X
2026-05-17 15:50:44,739 INFO o.a.j.JMeter: os.arch=aarch64
2026-05-17 15:50:44,739 INFO o.a.j.JMeter: os.version=15.7.2
2026-05-17 15:50:44,739 INFO o.a.j.JMeter: file.encoding=UTF-8
2026-05-17 15:50:44,739 INFO o.a.j.JMeter: java.awt.headless=true
2026-05-17 15:50:44,740 INFO o.a.j.JMeter: Max memory     =1073741824
2026-05-17 15:50:44,740 INFO o.a.j.JMeter: Available Processors =10
2026-05-17 15:50:44,745 INFO o.a.j.JMeter: Default Locale=English (EN)
2026-05-17 15:50:44,746 INFO o.a.j.JMeter: JMeter  Locale=English (EN)
2026-05-17 15:50:44,746 INFO o.a.j.JMeter: JMeterHome=/opt/homebrew/Cellar/jmeter/5.6.3/libexec
2026-05-17 15:50:44,746 INFO o.a.j.JMeter: user.dir  =/Users/roman/Files/ProjectPlan
2026-05-17 15:50:44,746 INFO o.a.j.JMeter: PWD       =/Users/roman/Files/ProjectPlan
2026-05-17 15:50:44,747 INFO o.a.j.JMeter: IP: 127.0.0.1 Name: MacBook-Air-Roman-wmanzr.local FullName: localhost
2026-05-17 15:50:44,754 INFO o.a.j.JMeter: Setting property 'jmeter.reportgenerator.outputdir' to:'/Users/roman/Files/ProjectPlan/report_folder'
2026-05-17 15:50:44,756 INFO o.a.j.s.FileServer: Default base='/Users/roman/Files/ProjectPlan'
2026-05-17 15:50:44,757 INFO o.a.j.s.FileServer: Set new base='/Users/roman/Files/ProjectPlan'
2026-05-17 15:50:44,849 INFO o.a.j.s.SaveService: Testplan (JMX) version: 2.2. Testlog (JTL) version: 2.2
2026-05-17 15:50:44,870 INFO o.a.j.s.SaveService: Using SaveService properties version 5.0
2026-05-17 15:50:44,871 INFO o.a.j.s.SaveService: Using SaveService properties file encoding UTF-8
2026-05-17 15:50:44,873 INFO o.a.j.s.SaveService: Loading file: planningflow_get100.jmx
2026-05-17 15:50:44,900 INFO o.a.j.p.h.c.CookieManager: Settings: Delete null: true Check: true Allow variable: true Save: false Prefix: COOKIE_
2026-05-17 15:50:44,914 INFO o.a.j.p.h.s.HTTPSamplerBase: Parser for text/html is org.apache.jmeter.protocol.http.parser.LagartoBasedHtmlParser
2026-05-17 15:50:44,914 INFO o.a.j.p.h.s.HTTPSamplerBase: Parser for application/xhtml+xml is org.apache.jmeter.protocol.http.parser.LagartoBasedHtmlParser
2026-05-17 15:50:44,914 INFO o.a.j.p.h.s.HTTPSamplerBase: Parser for application/xml is org.apache.jmeter.protocol.http.parser.LagartoBasedHtmlParser
2026-05-17 15:50:44,914 INFO o.a.j.p.h.s.HTTPSamplerBase: Parser for text/xml is org.apache.jmeter.protocol.http.parser.LagartoBasedHtmlParser
2026-05-17 15:50:44,914 INFO o.a.j.p.h.s.HTTPSamplerBase: Parser for text/vnd.wap.wml is org.apache.jmeter.protocol.http.parser.RegexpHTMLParser
2026-05-17 15:50:44,914 INFO o.a.j.p.h.s.HTTPSamplerBase: Parser for text/css is org.apache.jmeter.protocol.http.parser.CssParser
2026-05-17 15:50:44,929 INFO o.a.j.JMeter: Creating summariser <summary>
2026-05-17 15:50:44,931 INFO o.a.j.r.d.ReportGenerator: ReportGenerator will use for Parsing the separator: ','
2026-05-17 15:50:44,932 INFO o.a.j.r.d.ReportGenerator: Will generate report at end of test from  results file: results.jtl
2026-05-17 15:50:44,932 INFO o.a.j.r.d.ReportGenerator: Reading report generator properties from: /opt/homebrew/Cellar/jmeter/5.6.3/libexec/bin/reportgenerator.properties
2026-05-17 15:50:44,932 INFO o.a.j.r.d.ReportGenerator: Merging with JMeter properties
2026-05-17 15:50:44,934 INFO o.a.j.r.c.ReportGeneratorConfiguration: Property 'jmeter.reportgenerator.temp_dir' not found, using default value 'temp' instead.
2026-05-17 15:50:44,935 INFO o.a.j.r.c.ReportGeneratorConfiguration: Property 'jmeter.reportgenerator.apdex_per_transaction' not found, using default value 'null' instead.
2026-05-17 15:50:44,935 INFO o.a.j.r.c.ReportGeneratorConfiguration: apdex_per_transaction is empty, not APDEX per transaction customization
2026-05-17 15:50:44,936 INFO o.a.j.r.c.ReportGeneratorConfiguration: Property 'jmeter.reportgenerator.sample_filter' not found, using default value 'null' instead.
2026-05-17 15:50:44,936 INFO o.a.j.r.c.ReportGeneratorConfiguration: Property 'jmeter.reportgenerator.report_title' not found, using default value 'null' instead.
2026-05-17 15:50:44,936 INFO o.a.j.r.c.ReportGeneratorConfiguration: Property 'jmeter.reportgenerator.start_date' not found, using default value 'null' instead.
2026-05-17 15:50:44,936 INFO o.a.j.r.c.ReportGeneratorConfiguration: Property 'jmeter.reportgenerator.end_date' not found, using default value 'null' instead.
2026-05-17 15:50:44,936 INFO o.a.j.r.c.ReportGeneratorConfiguration: Property 'jmeter.reportgenerator.date_format' not found, using default value 'null' instead.
2026-05-17 15:50:44,936 INFO o.a.j.r.c.ReportGeneratorConfiguration: Will use date range start date: null, end date: null
2026-05-17 15:50:44,938 INFO o.a.j.r.c.ReportGeneratorConfiguration: Property 'jmeter.reportgenerator.graph.totalTPS.exclude_controllers' not found, using default value 'false' instead.
2026-05-17 15:50:44,938 INFO o.a.j.r.c.ReportGeneratorConfiguration: Property 'jmeter.reportgenerator.graph.activeThreadsOverTime.exclude_controllers' not found, using default value 'false' instead.
2026-05-17 15:50:44,938 INFO o.a.j.r.c.ReportGeneratorConfiguration: Property 'jmeter.reportgenerator.graph.timeVsThreads.exclude_controllers' not found, using default value 'false' instead.
2026-05-17 15:50:44,938 INFO o.a.j.r.c.ReportGeneratorConfiguration: Property 'jmeter.reportgenerator.graph.responseTimeDistribution.exclude_controllers' not found, using default value 'false' instead.
2026-05-17 15:50:44,938 INFO o.a.j.r.c.ReportGeneratorConfiguration: Property 'jmeter.reportgenerator.graph.transactionsPerSecond.exclude_controllers' not found, using default value 'false' instead.
2026-05-17 15:50:44,939 INFO o.a.j.r.c.ReportGeneratorConfiguration: Property 'jmeter.reportgenerator.graph.responseTimePercentiles.exclude_controllers' not found, using default value 'false' instead.
2026-05-17 15:50:44,939 INFO o.a.j.r.c.ReportGeneratorConfiguration: Property 'jmeter.reportgenerator.graph.responseTimePercentilesOverTime.exclude_controllers' not found, using default value 'false' instead.
2026-05-17 15:50:44,939 INFO o.a.j.r.c.ReportGeneratorConfiguration: Property 'jmeter.reportgenerator.graph.responseTimesOverTime.exclude_controllers' not found, using default value 'false' instead.
2026-05-17 15:50:44,939 INFO o.a.j.r.c.ReportGeneratorConfiguration: Property 'jmeter.reportgenerator.graph.connectTimeOverTime.exclude_controllers' not found, using default value 'false' instead.
2026-05-17 15:50:44,939 INFO o.a.j.r.c.ReportGeneratorConfiguration: Property 'jmeter.reportgenerator.graph.latenciesOverTime.exclude_controllers' not found, using default value 'false' instead.
2026-05-17 15:50:44,939 INFO o.a.j.r.c.ReportGeneratorConfiguration: Property 'jmeter.reportgenerator.exporter.json.filters_only_sample_series' not found, using default value 'true' instead.
2026-05-17 15:50:44,939 INFO o.a.j.r.c.ReportGeneratorConfiguration: Property 'jmeter.reportgenerator.exporter.json.series_filter' not found, using default value '' instead.
2026-05-17 15:50:44,939 INFO o.a.j.r.c.ReportGeneratorConfiguration: Property 'jmeter.reportgenerator.exporter.json.show_controllers_only' not found, using default value 'false' instead.
2026-05-17 15:50:44,940 INFO o.a.j.r.c.ReportGeneratorConfiguration: Property 'jmeter.reportgenerator.exporter.html.filters_only_sample_series' not found, using default value 'true' instead.
2026-05-17 15:50:44,940 INFO o.a.j.r.c.ReportGeneratorConfiguration: Property 'jmeter.reportgenerator.exporter.html.series_filter' not found, using default value '' instead.
2026-05-17 15:50:44,940 INFO o.a.j.r.c.ReportGeneratorConfiguration: Property 'jmeter.reportgenerator.exporter.html.show_controllers_only' not found, using default value 'false' instead.
2026-05-17 15:50:44,947 INFO o.a.j.e.StandardJMeterEngine: Running the test!
2026-05-17 15:50:44,948 INFO o.a.j.s.SampleEvent: List of sample_variables: []
2026-05-17 15:50:44,948 INFO o.a.j.s.SampleEvent: List of sample_variables: []
2026-05-17 15:50:44,951 INFO o.a.j.e.u.CompoundVariable: Note: Function class names must contain the string: '.functions.'
2026-05-17 15:50:44,951 INFO o.a.j.e.u.CompoundVariable: Note: Function class names must not contain the string: '.gui.'
2026-05-17 15:50:44,985 INFO o.a.j.r.ClassFinder: Will scan jar /opt/homebrew/Cellar/jmeter/5.6.3/libexec/lib/ext/jmeter-plugins-manager-1.9.jar with filter ExtendsClassFilter [parents=[interface org.apache.jmeter.functions.Function], inner=false, contains=null, notContains=null]. Consider exposing JMeter plugins via META-INF/services, and add JMeter-Skip-Class-Scanning=true manifest attribute so JMeter can skip classfile scanning
2026-05-17 15:50:45,056 INFO o.a.j.JMeter: Running test (1779022245056)
2026-05-17 15:50:45,066 INFO o.a.j.e.StandardJMeterEngine: Starting ThreadGroup: 1 : Load Users
2026-05-17 15:50:45,067 INFO o.a.j.e.StandardJMeterEngine: Starting 100 threads for group Load Users.
2026-05-17 15:50:45,067 INFO o.a.j.e.StandardJMeterEngine: Thread will continue on error
2026-05-17 15:50:45,067 INFO o.a.j.t.ThreadGroup: Starting thread group... number=1 threads=100 ramp-up=10 delayedStart=false
2026-05-17 15:50:45,070 INFO o.a.j.t.JMeterThread: Thread started: Load Users 1-1
2026-05-17 15:50:45,079 INFO o.a.j.p.h.s.HTTPHCAbstractImpl: Local host = MacBook-Air-Roman-wmanzr.local
2026-05-17 15:50:45,082 INFO o.a.j.p.h.s.HTTPHC4Impl: HTTP request retry count = 0
2026-05-17 15:50:45,084 INFO o.a.j.s.SampleResult: Note: Sample TimeStamps are START times
2026-05-17 15:50:45,084 INFO o.a.j.s.SampleResult: sampleresult.default.encoding is set to UTF-8
2026-05-17 15:50:45,084 INFO o.a.j.s.SampleResult: sampleresult.useNanoTime=true
2026-05-17 15:50:45,084 INFO o.a.j.s.SampleResult: sampleresult.nanoThreadSleep=5000
2026-05-17 15:50:45,092 INFO o.a.j.t.ThreadGroup: Started thread group number 1
2026-05-17 15:50:45,092 INFO o.a.j.e.StandardJMeterEngine: All thread groups have been started
2026-05-17 15:50:45,170 INFO o.a.j.t.JMeterThread: Thread started: Load Users 1-2
2026-05-17 15:50:45,268 INFO o.a.j.t.JMeterThread: Thread is done: Load Users 1-2
2026-05-17 15:50:45,268 INFO o.a.j.t.JMeterThread: Thread finished: Load Users 1-2
2026-05-17 15:50:45,268 INFO o.a.j.t.JMeterThread: Thread is done: Load Users 1-1
2026-05-17 15:50:45,269 INFO o.a.j.t.JMeterThread: Thread finished: Load Users 1-1
2026-05-17 15:50:45,270 INFO o.a.j.t.JMeterThread: Thread started: Load Users 1-3
2026-05-17 15:50:45,342 INFO o.a.j.t.JMeterThread: Thread is done: Load Users 1-3
2026-05-17 15:50:45,342 INFO o.a.j.t.JMeterThread: Thread finished: Load Users 1-3
2026-05-17 15:50:45,372 INFO o.a.j.t.JMeterThread: Thread started: Load Users 1-4
2026-05-17 15:50:45,468 INFO o.a.j.t.JMeterThread: Thread started: Load Users 1-5
2026-05-17 15:50:45,500 INFO o.a.j.t.JMeterThread: Thread is done: Load Users 1-4
2026-05-17 15:50:45,500 INFO o.a.j.t.JMeterThread: Thread finished: Load Users 1-4
2026-05-17 15:50:45,571 INFO o.a.j.t.JMeterThread: Thread started: Load Users 1-6
2026-05-17 15:50:45,587 INFO o.a.j.t.JMeterThread: Thread is done: Load Users 1-5
2026-05-17 15:50:45,587 INFO o.a.j.t.JMeterThread: Thread finished: Load Users 1-5
2026-05-17 15:50:45,672 INFO o.a.j.t.JMeterThread: Thread started: Load Users 1-7
2026-05-17 15:50:45,681 INFO o.a.j.t.JMeterThread: Thread is done: Load Users 1-6
2026-05-17 15:50:45,681 INFO o.a.j.t.JMeterThread: Thread finished: Load Users 1-6
2026-05-17 15:50:45,754 INFO o.a.j.t.JMeterThread: Thread is done: Load Users 1-7
2026-05-17 15:50:45,754 INFO o.a.j.t.JMeterThread: Thread finished: Load Users 1-7
2026-05-17 15:50:45,770 INFO o.a.j.t.JMeterThread: Thread started: Load Users 1-8
2026-05-17 15:50:45,862 INFO o.a.j.t.JMeterThread: Thread is done: Load Users 1-8
2026-05-17 15:50:45,862 INFO o.a.j.t.JMeterThread: Thread finished: Load Users 1-8
2026-05-17 15:50:45,873 INFO o.a.j.t.JMeterThread: Thread started: Load Users 1-9
2026-05-17 15:50:45,968 INFO o.a.j.t.JMeterThread: Thread started: Load Users 1-10
2026-05-17 15:50:45,973 INFO o.a.j.t.JMeterThread: Thread is done: Load Users 1-9
2026-05-17 15:50:45,973 INFO o.a.j.t.JMeterThread: Thread finished: Load Users 1-9
2026-05-17 15:50:46,060 INFO o.a.j.t.JMeterThread: Thread is done: Load Users 1-10
2026-05-17 15:50:46,060 INFO o.a.j.t.JMeterThread: Thread finished: Load Users 1-10
2026-05-17 15:50:46,072 INFO o.a.j.t.JMeterThread: Thread started: Load Users 1-11
2026-05-17 15:50:46,151 INFO o.a.j.t.JMeterThread: Thread is done: Load Users 1-11
2026-05-17 15:50:46,151 INFO o.a.j.t.JMeterThread: Thread finished: Load Users 1-11
2026-05-17 15:50:46,173 INFO o.a.j.t.JMeterThread: Thread started: Load Users 1-12
2026-05-17 15:50:46,255 INFO o.a.j.t.JMeterThread: Thread is done: Load Users 1-12
2026-05-17 15:50:46,255 INFO o.a.j.t.JMeterThread: Thread finished: Load Users 1-12
2026-05-17 15:50:46,272 INFO o.a.j.t.JMeterThread: Thread started: Load Users 1-13
2026-05-17 15:50:46,366 INFO o.a.j.t.JMeterThread: Thread is done: Load Users 1-13
2026-05-17 15:50:46,366 INFO o.a.j.t.JMeterThread: Thread finished: Load Users 1-13
2026-05-17 15:50:46,372 INFO o.a.j.t.JMeterThread: Thread started: Load Users 1-14
2026-05-17 15:50:46,472 INFO o.a.j.t.JMeterThread: Thread started: Load Users 1-15
2026-05-17 15:50:46,533 INFO o.a.j.t.JMeterThread: Thread is done: Load Users 1-14
2026-05-17 15:50:46,533 INFO o.a.j.t.JMeterThread: Thread finished: Load Users 1-14
2026-05-17 15:50:46,570 INFO o.a.j.t.JMeterThread: Thread started: Load Users 1-16
2026-05-17 15:50:46,615 INFO o.a.j.t.JMeterThread: Thread is done: Load Users 1-15
2026-05-17 15:50:46,615 INFO o.a.j.t.JMeterThread: Thread finished: Load Users 1-15
2026-05-17 15:50:46,667 INFO o.a.j.t.JMeterThread: Thread started: Load Users 1-17
2026-05-17 15:50:46,717 INFO o.a.j.t.JMeterThread: Thread is done: Load Users 1-16
2026-05-17 15:50:46,717 INFO o.a.j.t.JMeterThread: Thread finished: Load Users 1-16
2026-05-17 15:50:46,767 INFO o.a.j.t.JMeterThread: Thread started: Load Users 1-18
2026-05-17 15:50:46,778 INFO o.a.j.t.JMeterThread: Thread is done: Load Users 1-17
2026-05-17 15:50:46,778 INFO o.a.j.t.JMeterThread: Thread finished: Load Users 1-17
2026-05-17 15:50:46,868 INFO o.a.j.t.JMeterThread: Thread started: Load Users 1-19
2026-05-17 15:50:46,869 INFO o.a.j.t.JMeterThread: Thread is done: Load Users 1-18
2026-05-17 15:50:46,869 INFO o.a.j.t.JMeterThread: Thread finished: Load Users 1-18
2026-05-17 15:50:46,956 INFO o.a.j.t.JMeterThread: Thread is done: Load Users 1-19
2026-05-17 15:50:46,957 INFO o.a.j.t.JMeterThread: Thread finished: Load Users 1-19
2026-05-17 15:50:46,972 INFO o.a.j.t.JMeterThread: Thread started: Load Users 1-20
2026-05-17 15:50:47,061 INFO o.a.j.t.JMeterThread: Thread is done: Load Users 1-20
2026-05-17 15:50:47,061 INFO o.a.j.t.JMeterThread: Thread finished: Load Users 1-20
2026-05-17 15:50:47,072 INFO o.a.j.t.JMeterThread: Thread started: Load Users 1-21
2026-05-17 15:50:47,149 INFO o.a.j.t.JMeterThread: Thread is done: Load Users 1-21
2026-05-17 15:50:47,150 INFO o.a.j.t.JMeterThread: Thread finished: Load Users 1-21
2026-05-17 15:50:47,168 INFO o.a.j.t.JMeterThread: Thread started: Load Users 1-22
2026-05-17 15:50:47,249 INFO o.a.j.t.JMeterThread: Thread is done: Load Users 1-22
2026-05-17 15:50:47,249 INFO o.a.j.t.JMeterThread: Thread finished: Load Users 1-22
2026-05-17 15:50:47,270 INFO o.a.j.t.JMeterThread: Thread started: Load Users 1-23
2026-05-17 15:50:47,346 INFO o.a.j.t.JMeterThread: Thread is done: Load Users 1-23
2026-05-17 15:50:47,346 INFO o.a.j.t.JMeterThread: Thread finished: Load Users 1-23
2026-05-17 15:50:47,371 INFO o.a.j.t.JMeterThread: Thread started: Load Users 1-24
2026-05-17 15:50:47,452 INFO o.a.j.t.JMeterThread: Thread is done: Load Users 1-24
2026-05-17 15:50:47,452 INFO o.a.j.t.JMeterThread: Thread finished: Load Users 1-24
2026-05-17 15:50:47,469 INFO o.a.j.t.JMeterThread: Thread started: Load Users 1-25
2026-05-17 15:50:47,548 INFO o.a.j.t.JMeterThread: Thread is done: Load Users 1-25
2026-05-17 15:50:47,548 INFO o.a.j.t.JMeterThread: Thread finished: Load Users 1-25
2026-05-17 15:50:47,572 INFO o.a.j.t.JMeterThread: Thread started: Load Users 1-26
2026-05-17 15:50:47,649 INFO o.a.j.t.JMeterThread: Thread is done: Load Users 1-26
2026-05-17 15:50:47,649 INFO o.a.j.t.JMeterThread: Thread finished: Load Users 1-26
2026-05-17 15:50:47,670 INFO o.a.j.t.JMeterThread: Thread started: Load Users 1-27
2026-05-17 15:50:47,737 INFO o.a.j.t.JMeterThread: Thread is done: Load Users 1-27
2026-05-17 15:50:47,737 INFO o.a.j.t.JMeterThread: Thread finished: Load Users 1-27
2026-05-17 15:50:47,771 INFO o.a.j.t.JMeterThread: Thread started: Load Users 1-28
2026-05-17 15:50:47,853 INFO o.a.j.t.JMeterThread: Thread is done: Load Users 1-28
2026-05-17 15:50:47,853 INFO o.a.j.t.JMeterThread: Thread finished: Load Users 1-28
2026-05-17 15:50:47,868 INFO o.a.j.t.JMeterThread: Thread started: Load Users 1-29
2026-05-17 15:50:47,953 INFO o.a.j.t.JMeterThread: Thread is done: Load Users 1-29
2026-05-17 15:50:47,953 INFO o.a.j.t.JMeterThread: Thread finished: Load Users 1-29
2026-05-17 15:50:47,967 INFO o.a.j.t.JMeterThread: Thread started: Load Users 1-30
2026-05-17 15:50:48,044 INFO o.a.j.t.JMeterThread: Thread is done: Load Users 1-30
2026-05-17 15:50:48,044 INFO o.a.j.t.JMeterThread: Thread finished: Load Users 1-30
2026-05-17 15:50:48,069 INFO o.a.j.t.JMeterThread: Thread started: Load Users 1-31
2026-05-17 15:50:48,138 INFO o.a.j.t.JMeterThread: Thread is done: Load Users 1-31
2026-05-17 15:50:48,138 INFO o.a.j.t.JMeterThread: Thread finished: Load Users 1-31
2026-05-17 15:50:48,169 INFO o.a.j.t.JMeterThread: Thread started: Load Users 1-32
2026-05-17 15:50:48,249 INFO o.a.j.t.JMeterThread: Thread is done: Load Users 1-32
2026-05-17 15:50:48,249 INFO o.a.j.t.JMeterThread: Thread finished: Load Users 1-32
2026-05-17 15:50:48,268 INFO o.a.j.t.JMeterThread: Thread started: Load Users 1-33
2026-05-17 15:50:48,333 INFO o.a.j.t.JMeterThread: Thread is done: Load Users 1-33
2026-05-17 15:50:48,334 INFO o.a.j.t.JMeterThread: Thread finished: Load Users 1-33
2026-05-17 15:50:48,369 INFO o.a.j.t.JMeterThread: Thread started: Load Users 1-34
2026-05-17 15:50:48,430 INFO o.a.j.t.JMeterThread: Thread is done: Load Users 1-34
2026-05-17 15:50:48,430 INFO o.a.j.t.JMeterThread: Thread finished: Load Users 1-34
2026-05-17 15:50:48,469 INFO o.a.j.t.JMeterThread: Thread started: Load Users 1-35
2026-05-17 15:50:48,533 INFO o.a.j.t.JMeterThread: Thread is done: Load Users 1-35
2026-05-17 15:50:48,533 INFO o.a.j.t.JMeterThread: Thread finished: Load Users 1-35
2026-05-17 15:50:48,573 INFO o.a.j.t.JMeterThread: Thread started: Load Users 1-36
2026-05-17 15:50:48,669 INFO o.a.j.t.JMeterThread: Thread is done: Load Users 1-36
2026-05-17 15:50:48,669 INFO o.a.j.t.JMeterThread: Thread finished: Load Users 1-36
2026-05-17 15:50:48,669 INFO o.a.j.t.JMeterThread: Thread started: Load Users 1-37
2026-05-17 15:50:48,739 INFO o.a.j.t.JMeterThread: Thread is done: Load Users 1-37
2026-05-17 15:50:48,739 INFO o.a.j.t.JMeterThread: Thread finished: Load Users 1-37
2026-05-17 15:50:48,769 INFO o.a.j.t.JMeterThread: Thread started: Load Users 1-38
2026-05-17 15:50:48,831 INFO o.a.j.t.JMeterThread: Thread is done: Load Users 1-38
2026-05-17 15:50:48,831 INFO o.a.j.t.JMeterThread: Thread finished: Load Users 1-38
2026-05-17 15:50:48,870 INFO o.a.j.t.JMeterThread: Thread started: Load Users 1-39
2026-05-17 15:50:48,929 INFO o.a.j.t.JMeterThread: Thread is done: Load Users 1-39
2026-05-17 15:50:48,930 INFO o.a.j.t.JMeterThread: Thread finished: Load Users 1-39
2026-05-17 15:50:48,970 INFO o.a.j.t.JMeterThread: Thread started: Load Users 1-40
2026-05-17 15:50:49,032 INFO o.a.j.t.JMeterThread: Thread is done: Load Users 1-40
2026-05-17 15:50:49,032 INFO o.a.j.t.JMeterThread: Thread finished: Load Users 1-40
2026-05-17 15:50:49,071 INFO o.a.j.t.JMeterThread: Thread started: Load Users 1-41
2026-05-17 15:50:49,128 INFO o.a.j.t.JMeterThread: Thread is done: Load Users 1-41
2026-05-17 15:50:49,128 INFO o.a.j.t.JMeterThread: Thread finished: Load Users 1-41
2026-05-17 15:50:49,169 INFO o.a.j.t.JMeterThread: Thread started: Load Users 1-42
2026-05-17 15:50:49,230 INFO o.a.j.t.JMeterThread: Thread is done: Load Users 1-42
2026-05-17 15:50:49,231 INFO o.a.j.t.JMeterThread: Thread finished: Load Users 1-42
2026-05-17 15:50:49,273 INFO o.a.j.t.JMeterThread: Thread started: Load Users 1-43
2026-05-17 15:50:49,330 INFO o.a.j.t.JMeterThread: Thread is done: Load Users 1-43
2026-05-17 15:50:49,330 INFO o.a.j.t.JMeterThread: Thread finished: Load Users 1-43
2026-05-17 15:50:49,368 INFO o.a.j.t.JMeterThread: Thread started: Load Users 1-44
2026-05-17 15:50:49,421 INFO o.a.j.t.JMeterThread: Thread is done: Load Users 1-44
2026-05-17 15:50:49,421 INFO o.a.j.t.JMeterThread: Thread finished: Load Users 1-44
2026-05-17 15:50:49,472 INFO o.a.j.t.JMeterThread: Thread started: Load Users 1-45
2026-05-17 15:50:49,526 INFO o.a.j.t.JMeterThread: Thread is done: Load Users 1-45
2026-05-17 15:50:49,526 INFO o.a.j.t.JMeterThread: Thread finished: Load Users 1-45
2026-05-17 15:50:49,572 INFO o.a.j.t.JMeterThread: Thread started: Load Users 1-46
2026-05-17 15:50:49,628 INFO o.a.j.t.JMeterThread: Thread is done: Load Users 1-46
2026-05-17 15:50:49,628 INFO o.a.j.t.JMeterThread: Thread finished: Load Users 1-46
2026-05-17 15:50:49,670 INFO o.a.j.t.JMeterThread: Thread started: Load Users 1-47
2026-05-17 15:50:49,733 INFO o.a.j.t.JMeterThread: Thread is done: Load Users 1-47
2026-05-17 15:50:49,733 INFO o.a.j.t.JMeterThread: Thread finished: Load Users 1-47
2026-05-17 15:50:49,772 INFO o.a.j.t.JMeterThread: Thread started: Load Users 1-48
2026-05-17 15:50:49,846 INFO o.a.j.t.JMeterThread: Thread is done: Load Users 1-48
2026-05-17 15:50:49,846 INFO o.a.j.t.JMeterThread: Thread finished: Load Users 1-48
2026-05-17 15:50:49,869 INFO o.a.j.t.JMeterThread: Thread started: Load Users 1-49
2026-05-17 15:50:49,948 INFO o.a.j.t.JMeterThread: Thread is done: Load Users 1-49
2026-05-17 15:50:49,948 INFO o.a.j.t.JMeterThread: Thread finished: Load Users 1-49
2026-05-17 15:50:49,972 INFO o.a.j.t.JMeterThread: Thread started: Load Users 1-50
2026-05-17 15:50:50,069 INFO o.a.j.t.JMeterThread: Thread started: Load Users 1-51
2026-05-17 15:50:50,112 INFO o.a.j.t.JMeterThread: Thread is done: Load Users 1-50
2026-05-17 15:50:50,112 INFO o.a.j.t.JMeterThread: Thread finished: Load Users 1-50
2026-05-17 15:50:50,174 INFO o.a.j.t.JMeterThread: Thread started: Load Users 1-52
2026-05-17 15:50:50,180 INFO o.a.j.t.JMeterThread: Thread is done: Load Users 1-51
2026-05-17 15:50:50,180 INFO o.a.j.t.JMeterThread: Thread finished: Load Users 1-51
2026-05-17 15:50:50,255 INFO o.a.j.t.JMeterThread: Thread is done: Load Users 1-52
2026-05-17 15:50:50,255 INFO o.a.j.t.JMeterThread: Thread finished: Load Users 1-52
2026-05-17 15:50:50,272 INFO o.a.j.t.JMeterThread: Thread started: Load Users 1-53
2026-05-17 15:50:50,338 INFO o.a.j.t.JMeterThread: Thread is done: Load Users 1-53
2026-05-17 15:50:50,338 INFO o.a.j.t.JMeterThread: Thread finished: Load Users 1-53
2026-05-17 15:50:50,371 INFO o.a.j.t.JMeterThread: Thread started: Load Users 1-54
2026-05-17 15:50:50,431 INFO o.a.j.t.JMeterThread: Thread is done: Load Users 1-54
2026-05-17 15:50:50,431 INFO o.a.j.t.JMeterThread: Thread finished: Load Users 1-54
2026-05-17 15:50:50,472 INFO o.a.j.t.JMeterThread: Thread started: Load Users 1-55
2026-05-17 15:50:50,530 INFO o.a.j.t.JMeterThread: Thread is done: Load Users 1-55
2026-05-17 15:50:50,530 INFO o.a.j.t.JMeterThread: Thread finished: Load Users 1-55
2026-05-17 15:50:50,571 INFO o.a.j.t.JMeterThread: Thread started: Load Users 1-56
2026-05-17 15:50:50,633 INFO o.a.j.t.JMeterThread: Thread is done: Load Users 1-56
2026-05-17 15:50:50,633 INFO o.a.j.t.JMeterThread: Thread finished: Load Users 1-56
2026-05-17 15:50:50,673 INFO o.a.j.t.JMeterThread: Thread started: Load Users 1-57
2026-05-17 15:50:50,731 INFO o.a.j.t.JMeterThread: Thread is done: Load Users 1-57
2026-05-17 15:50:50,731 INFO o.a.j.t.JMeterThread: Thread finished: Load Users 1-57
2026-05-17 15:50:50,773 INFO o.a.j.t.JMeterThread: Thread started: Load Users 1-58
2026-05-17 15:50:50,834 INFO o.a.j.t.JMeterThread: Thread is done: Load Users 1-58
2026-05-17 15:50:50,835 INFO o.a.j.t.JMeterThread: Thread finished: Load Users 1-58
2026-05-17 15:50:50,870 INFO o.a.j.t.JMeterThread: Thread started: Load Users 1-59
2026-05-17 15:50:50,927 INFO o.a.j.t.JMeterThread: Thread is done: Load Users 1-59
2026-05-17 15:50:50,928 INFO o.a.j.t.JMeterThread: Thread finished: Load Users 1-59
2026-05-17 15:50:50,972 INFO o.a.j.t.JMeterThread: Thread started: Load Users 1-60
2026-05-17 15:50:51,039 INFO o.a.j.t.JMeterThread: Thread is done: Load Users 1-60
2026-05-17 15:50:51,039 INFO o.a.j.t.JMeterThread: Thread finished: Load Users 1-60
2026-05-17 15:50:51,072 INFO o.a.j.t.JMeterThread: Thread started: Load Users 1-61
2026-05-17 15:50:51,129 INFO o.a.j.t.JMeterThread: Thread is done: Load Users 1-61
2026-05-17 15:50:51,129 INFO o.a.j.t.JMeterThread: Thread finished: Load Users 1-61
2026-05-17 15:50:51,172 INFO o.a.j.t.JMeterThread: Thread started: Load Users 1-62
2026-05-17 15:50:51,225 INFO o.a.j.t.JMeterThread: Thread is done: Load Users 1-62
2026-05-17 15:50:51,226 INFO o.a.j.t.JMeterThread: Thread finished: Load Users 1-62
2026-05-17 15:50:51,269 INFO o.a.j.t.JMeterThread: Thread started: Load Users 1-63
2026-05-17 15:50:51,325 INFO o.a.j.t.JMeterThread: Thread is done: Load Users 1-63
2026-05-17 15:50:51,326 INFO o.a.j.t.JMeterThread: Thread finished: Load Users 1-63
2026-05-17 15:50:51,369 INFO o.a.j.t.JMeterThread: Thread started: Load Users 1-64
2026-05-17 15:50:51,434 INFO o.a.j.t.JMeterThread: Thread is done: Load Users 1-64
2026-05-17 15:50:51,435 INFO o.a.j.t.JMeterThread: Thread finished: Load Users 1-64
2026-05-17 15:50:51,468 INFO o.a.j.t.JMeterThread: Thread started: Load Users 1-65
2026-05-17 15:50:51,527 INFO o.a.j.t.JMeterThread: Thread is done: Load Users 1-65
2026-05-17 15:50:51,527 INFO o.a.j.t.JMeterThread: Thread finished: Load Users 1-65
2026-05-17 15:50:51,570 INFO o.a.j.t.JMeterThread: Thread started: Load Users 1-66
2026-05-17 15:50:51,632 INFO o.a.j.t.JMeterThread: Thread is done: Load Users 1-66
2026-05-17 15:50:51,632 INFO o.a.j.t.JMeterThread: Thread finished: Load Users 1-66
2026-05-17 15:50:51,670 INFO o.a.j.t.JMeterThread: Thread started: Load Users 1-67
2026-05-17 15:50:51,723 INFO o.a.j.t.JMeterThread: Thread is done: Load Users 1-67
2026-05-17 15:50:51,723 INFO o.a.j.t.JMeterThread: Thread finished: Load Users 1-67
2026-05-17 15:50:51,770 INFO o.a.j.t.JMeterThread: Thread started: Load Users 1-68
2026-05-17 15:50:51,826 INFO o.a.j.t.JMeterThread: Thread is done: Load Users 1-68
2026-05-17 15:50:51,826 INFO o.a.j.t.JMeterThread: Thread finished: Load Users 1-68
2026-05-17 15:50:51,873 INFO o.a.j.t.JMeterThread: Thread started: Load Users 1-69
2026-05-17 15:50:51,927 INFO o.a.j.t.JMeterThread: Thread is done: Load Users 1-69
2026-05-17 15:50:51,927 INFO o.a.j.t.JMeterThread: Thread finished: Load Users 1-69
2026-05-17 15:50:51,972 INFO o.a.j.t.JMeterThread: Thread started: Load Users 1-70
2026-05-17 15:50:52,027 INFO o.a.j.t.JMeterThread: Thread is done: Load Users 1-70
2026-05-17 15:50:52,028 INFO o.a.j.t.JMeterThread: Thread finished: Load Users 1-70
2026-05-17 15:50:52,072 INFO o.a.j.t.JMeterThread: Thread started: Load Users 1-71
2026-05-17 15:50:52,125 INFO o.a.j.t.JMeterThread: Thread is done: Load Users 1-71
2026-05-17 15:50:52,126 INFO o.a.j.t.JMeterThread: Thread finished: Load Users 1-71
2026-05-17 15:50:52,172 INFO o.a.j.t.JMeterThread: Thread started: Load Users 1-72
2026-05-17 15:50:52,225 INFO o.a.j.t.JMeterThread: Thread is done: Load Users 1-72
2026-05-17 15:50:52,225 INFO o.a.j.t.JMeterThread: Thread finished: Load Users 1-72
2026-05-17 15:50:52,271 INFO o.a.j.t.JMeterThread: Thread started: Load Users 1-73
2026-05-17 15:50:52,323 INFO o.a.j.t.JMeterThread: Thread is done: Load Users 1-73
2026-05-17 15:50:52,323 INFO o.a.j.t.JMeterThread: Thread finished: Load Users 1-73
2026-05-17 15:50:52,373 INFO o.a.j.t.JMeterThread: Thread started: Load Users 1-74
2026-05-17 15:50:52,423 INFO o.a.j.t.JMeterThread: Thread is done: Load Users 1-74
2026-05-17 15:50:52,423 INFO o.a.j.t.JMeterThread: Thread finished: Load Users 1-74
2026-05-17 15:50:52,468 INFO o.a.j.t.JMeterThread: Thread started: Load Users 1-75
2026-05-17 15:50:52,519 INFO o.a.j.t.JMeterThread: Thread is done: Load Users 1-75
2026-05-17 15:50:52,519 INFO o.a.j.t.JMeterThread: Thread finished: Load Users 1-75
2026-05-17 15:50:52,572 INFO o.a.j.t.JMeterThread: Thread started: Load Users 1-76
2026-05-17 15:50:52,624 INFO o.a.j.t.JMeterThread: Thread is done: Load Users 1-76
2026-05-17 15:50:52,624 INFO o.a.j.t.JMeterThread: Thread finished: Load Users 1-76
2026-05-17 15:50:52,667 INFO o.a.j.t.JMeterThread: Thread started: Load Users 1-77
2026-05-17 15:50:52,721 INFO o.a.j.t.JMeterThread: Thread is done: Load Users 1-77
2026-05-17 15:50:52,721 INFO o.a.j.t.JMeterThread: Thread finished: Load Users 1-77
2026-05-17 15:50:52,768 INFO o.a.j.t.JMeterThread: Thread started: Load Users 1-78
2026-05-17 15:50:52,819 INFO o.a.j.t.JMeterThread: Thread is done: Load Users 1-78
2026-05-17 15:50:52,819 INFO o.a.j.t.JMeterThread: Thread finished: Load Users 1-78
2026-05-17 15:50:52,872 INFO o.a.j.t.JMeterThread: Thread started: Load Users 1-79
2026-05-17 15:50:52,922 INFO o.a.j.t.JMeterThread: Thread is done: Load Users 1-79
2026-05-17 15:50:52,922 INFO o.a.j.t.JMeterThread: Thread finished: Load Users 1-79
2026-05-17 15:50:52,968 INFO o.a.j.t.JMeterThread: Thread started: Load Users 1-80
2026-05-17 15:50:53,024 INFO o.a.j.t.JMeterThread: Thread is done: Load Users 1-80
2026-05-17 15:50:53,024 INFO o.a.j.t.JMeterThread: Thread finished: Load Users 1-80
2026-05-17 15:50:53,072 INFO o.a.j.t.JMeterThread: Thread started: Load Users 1-81
2026-05-17 15:50:53,123 INFO o.a.j.t.JMeterThread: Thread is done: Load Users 1-81
2026-05-17 15:50:53,123 INFO o.a.j.t.JMeterThread: Thread finished: Load Users 1-81
2026-05-17 15:50:53,168 INFO o.a.j.t.JMeterThread: Thread started: Load Users 1-82
2026-05-17 15:50:53,219 INFO o.a.j.t.JMeterThread: Thread is done: Load Users 1-82
2026-05-17 15:50:53,219 INFO o.a.j.t.JMeterThread: Thread finished: Load Users 1-82
2026-05-17 15:50:53,272 INFO o.a.j.t.JMeterThread: Thread started: Load Users 1-83
2026-05-17 15:50:53,321 INFO o.a.j.t.JMeterThread: Thread is done: Load Users 1-83
2026-05-17 15:50:53,321 INFO o.a.j.t.JMeterThread: Thread finished: Load Users 1-83
2026-05-17 15:50:53,372 INFO o.a.j.t.JMeterThread: Thread started: Load Users 1-84
2026-05-17 15:50:53,424 INFO o.a.j.t.JMeterThread: Thread is done: Load Users 1-84
2026-05-17 15:50:53,424 INFO o.a.j.t.JMeterThread: Thread finished: Load Users 1-84
2026-05-17 15:50:53,471 INFO o.a.j.t.JMeterThread: Thread started: Load Users 1-85
2026-05-17 15:50:53,523 INFO o.a.j.t.JMeterThread: Thread is done: Load Users 1-85
2026-05-17 15:50:53,523 INFO o.a.j.t.JMeterThread: Thread finished: Load Users 1-85
2026-05-17 15:50:53,567 INFO o.a.j.t.JMeterThread: Thread started: Load Users 1-86
2026-05-17 15:50:53,618 INFO o.a.j.t.JMeterThread: Thread is done: Load Users 1-86
2026-05-17 15:50:53,618 INFO o.a.j.t.JMeterThread: Thread finished: Load Users 1-86
2026-05-17 15:50:53,668 INFO o.a.j.t.JMeterThread: Thread started: Load Users 1-87
2026-05-17 15:50:53,719 INFO o.a.j.t.JMeterThread: Thread is done: Load Users 1-87
2026-05-17 15:50:53,719 INFO o.a.j.t.JMeterThread: Thread finished: Load Users 1-87
2026-05-17 15:50:53,771 INFO o.a.j.t.JMeterThread: Thread started: Load Users 1-88
2026-05-17 15:50:53,824 INFO o.a.j.t.JMeterThread: Thread is done: Load Users 1-88
2026-05-17 15:50:53,824 INFO o.a.j.t.JMeterThread: Thread finished: Load Users 1-88
2026-05-17 15:50:53,872 INFO o.a.j.t.JMeterThread: Thread started: Load Users 1-89
2026-05-17 15:50:53,921 INFO o.a.j.t.JMeterThread: Thread is done: Load Users 1-89
2026-05-17 15:50:53,921 INFO o.a.j.t.JMeterThread: Thread finished: Load Users 1-89
2026-05-17 15:50:53,972 INFO o.a.j.t.JMeterThread: Thread started: Load Users 1-90
2026-05-17 15:50:54,028 INFO o.a.j.t.JMeterThread: Thread is done: Load Users 1-90
2026-05-17 15:50:54,028 INFO o.a.j.t.JMeterThread: Thread finished: Load Users 1-90
2026-05-17 15:50:54,068 INFO o.a.j.t.JMeterThread: Thread started: Load Users 1-91
2026-05-17 15:50:54,119 INFO o.a.j.t.JMeterThread: Thread is done: Load Users 1-91
2026-05-17 15:50:54,119 INFO o.a.j.t.JMeterThread: Thread finished: Load Users 1-91
2026-05-17 15:50:54,171 INFO o.a.j.t.JMeterThread: Thread started: Load Users 1-92
2026-05-17 15:50:54,223 INFO o.a.j.t.JMeterThread: Thread is done: Load Users 1-92
2026-05-17 15:50:54,223 INFO o.a.j.t.JMeterThread: Thread finished: Load Users 1-92
2026-05-17 15:50:54,270 INFO o.a.j.t.JMeterThread: Thread started: Load Users 1-93
2026-05-17 15:50:54,320 INFO o.a.j.t.JMeterThread: Thread is done: Load Users 1-93
2026-05-17 15:50:54,320 INFO o.a.j.t.JMeterThread: Thread finished: Load Users 1-93
2026-05-17 15:50:54,370 INFO o.a.j.t.JMeterThread: Thread started: Load Users 1-94
2026-05-17 15:50:54,424 INFO o.a.j.t.JMeterThread: Thread is done: Load Users 1-94
2026-05-17 15:50:54,424 INFO o.a.j.t.JMeterThread: Thread finished: Load Users 1-94
2026-05-17 15:50:54,472 INFO o.a.j.t.JMeterThread: Thread started: Load Users 1-95
2026-05-17 15:50:54,523 INFO o.a.j.t.JMeterThread: Thread is done: Load Users 1-95
2026-05-17 15:50:54,523 INFO o.a.j.t.JMeterThread: Thread finished: Load Users 1-95
2026-05-17 15:50:54,572 INFO o.a.j.t.JMeterThread: Thread started: Load Users 1-96
2026-05-17 15:50:54,626 INFO o.a.j.t.JMeterThread: Thread is done: Load Users 1-96
2026-05-17 15:50:54,626 INFO o.a.j.t.JMeterThread: Thread finished: Load Users 1-96
2026-05-17 15:50:54,672 INFO o.a.j.t.JMeterThread: Thread started: Load Users 1-97
2026-05-17 15:50:54,722 INFO o.a.j.t.JMeterThread: Thread is done: Load Users 1-97
2026-05-17 15:50:54,722 INFO o.a.j.t.JMeterThread: Thread finished: Load Users 1-97
2026-05-17 15:50:54,772 INFO o.a.j.t.JMeterThread: Thread started: Load Users 1-98
2026-05-17 15:50:54,822 INFO o.a.j.t.JMeterThread: Thread is done: Load Users 1-98
2026-05-17 15:50:54,822 INFO o.a.j.t.JMeterThread: Thread finished: Load Users 1-98
2026-05-17 15:50:54,873 INFO o.a.j.t.JMeterThread: Thread started: Load Users 1-99
2026-05-17 15:50:54,923 INFO o.a.j.t.JMeterThread: Thread is done: Load Users 1-99
2026-05-17 15:50:54,923 INFO o.a.j.t.JMeterThread: Thread finished: Load Users 1-99
2026-05-17 15:50:54,972 INFO o.a.j.t.JMeterThread: Thread started: Load Users 1-100
2026-05-17 15:50:55,023 INFO o.a.j.t.JMeterThread: Thread is done: Load Users 1-100
2026-05-17 15:50:55,023 INFO o.a.j.t.JMeterThread: Thread finished: Load Users 1-100
2026-05-17 15:50:55,024 INFO o.a.j.e.StandardJMeterEngine: Notifying test listeners of end of test
2026-05-17 15:50:55,026 INFO o.a.j.r.Summariser: summary =   1000 in 00:00:10 =  100.3/s Avg:     6 Min:     4 Max:    77 Err:     0 (0.00%)
2026-05-17 15:50:55,026 INFO o.a.j.JMeter: Generating Dashboard
2026-05-17 15:50:55,026 INFO o.a.j.r.d.ReportGenerator: Flushing result collector before report Generation
2026-05-17 15:50:55,032 INFO o.a.j.r.p.NormalizerSampleConsumer: Using format, 'ms', to parse timeStamp field
2026-05-17 15:50:55,090 INFO o.a.j.r.p.AbstractSampleConsumer: class org.apache.jmeter.report.processor.AggregateConsumer#stopProducing(): beginDate produced 0 samples
2026-05-17 15:50:55,090 INFO o.a.j.r.p.AbstractSampleConsumer: class org.apache.jmeter.report.processor.AggregateConsumer#stopProducing(): endDate produced 0 samples
2026-05-17 15:50:55,091 INFO o.a.j.r.p.AbstractSampleConsumer: class org.apache.jmeter.report.processor.ApdexSummaryConsumer#stopProducing(): apdexSummary produced 0 samples
2026-05-17 15:50:55,091 INFO o.a.j.r.p.AbstractSampleConsumer: class org.apache.jmeter.report.processor.RequestsSummaryConsumer#stopProducing(): requestsSummary produced 0 samples
2026-05-17 15:50:55,094 INFO o.a.j.r.p.AbstractSampleConsumer: class org.apache.jmeter.report.processor.StatisticsSummaryConsumer#stopProducing(): statisticsSummary produced 0 samples
2026-05-17 15:50:55,094 INFO o.a.j.r.p.AbstractSampleConsumer: class org.apache.jmeter.report.processor.Top5ErrorsBySamplerConsumer#stopProducing(): top5ErrorsBySampler produced 0 samples
2026-05-17 15:50:55,094 INFO o.a.j.r.p.AbstractSampleConsumer: class org.apache.jmeter.report.processor.ErrorsSummaryConsumer#stopProducing(): errorsSummary produced 0 samples
2026-05-17 15:50:55,094 INFO o.a.j.r.p.AbstractSampleConsumer: class org.apache.jmeter.report.processor.graph.impl.HitsPerSecondGraphConsumer#stopProducing(): hitsPerSecond produced 0 samples
2026-05-17 15:50:55,107 INFO o.a.j.r.p.AbstractSampleConsumer: class org.apache.jmeter.report.processor.graph.impl.LatencyVSRequestGraphConsumer#stopProducing(): latencyVsRequest produced 0 samples
2026-05-17 15:50:55,107 INFO o.a.j.r.p.AbstractSampleConsumer: class org.apache.jmeter.report.processor.graph.impl.SyntheticResponseTimeDistributionGraphConsumer#stopProducing(): syntheticResponseTimeDistribution produced 0 samples
2026-05-17 15:50:55,107 INFO o.a.j.r.p.AbstractSampleConsumer: class org.apache.jmeter.report.processor.graph.impl.BytesThroughputGraphConsumer#stopProducing(): bytesThroughputOverTime produced 0 samples
2026-05-17 15:50:55,107 INFO o.a.j.r.p.AbstractSampleConsumer: class org.apache.jmeter.report.processor.graph.impl.CodesPerSecondGraphConsumer#stopProducing(): codesPerSecond produced 0 samples
2026-05-17 15:50:55,113 INFO o.a.j.r.p.AbstractSampleConsumer: class org.apache.jmeter.report.processor.graph.impl.ResponseTimeVSRequestGraphConsumer#stopProducing(): responseTimeVsRequest produced 0 samples
2026-05-17 15:50:55,113 INFO o.a.j.r.p.AbstractSampleConsumer: class org.apache.jmeter.report.processor.FilterConsumer#stopProducing(): startIntervalControlerFilter produced 7000 samples
2026-05-17 15:50:55,113 INFO o.a.j.r.p.AbstractSampleConsumer: class org.apache.jmeter.report.processor.graph.impl.TotalTPSGraphConsumer#stopProducing(): totalTPS produced 0 samples
2026-05-17 15:50:55,113 INFO o.a.j.r.p.AbstractSampleConsumer: class org.apache.jmeter.report.processor.graph.impl.ActiveThreadsGraphConsumer#stopProducing(): activeThreadsOverTime produced 0 samples
2026-05-17 15:50:55,113 INFO o.a.j.r.p.AbstractSampleConsumer: class org.apache.jmeter.report.processor.graph.impl.TimeVSThreadGraphConsumer#stopProducing(): timeVsThreads produced 0 samples
2026-05-17 15:50:55,113 INFO o.a.j.r.p.AbstractSampleConsumer: class org.apache.jmeter.report.processor.graph.impl.ResponseTimeDistributionGraphConsumer#stopProducing(): responseTimeDistribution produced 0 samples
2026-05-17 15:50:55,113 INFO o.a.j.r.p.AbstractSampleConsumer: class org.apache.jmeter.report.processor.graph.impl.TransactionsPerSecondGraphConsumer#stopProducing(): transactionsPerSecond produced 0 samples
2026-05-17 15:50:55,113 INFO o.a.j.r.p.AbstractSampleConsumer: class org.apache.jmeter.report.processor.graph.impl.ResponseTimePercentilesGraphConsumer#stopProducing(): responseTimePercentiles produced 0 samples
2026-05-17 15:50:55,114 INFO o.a.j.r.p.AbstractSampleConsumer: class org.apache.jmeter.report.processor.graph.impl.ResponseTimePercentilesOverTimeGraphConsumer#stopProducing(): responseTimePercentilesOverTime produced 0 samples
2026-05-17 15:50:55,114 INFO o.a.j.r.p.AbstractSampleConsumer: class org.apache.jmeter.report.processor.graph.impl.ResponseTimeOverTimeGraphConsumer#stopProducing(): responseTimesOverTime produced 0 samples
2026-05-17 15:50:55,114 INFO o.a.j.r.p.AbstractSampleConsumer: class org.apache.jmeter.report.processor.graph.impl.ConnectTimeOverTimeGraphConsumer#stopProducing(): connectTimeOverTime produced 0 samples
2026-05-17 15:50:55,114 INFO o.a.j.r.p.AbstractSampleConsumer: class org.apache.jmeter.report.processor.graph.impl.LatencyOverTimeGraphConsumer#stopProducing(): latenciesOverTime produced 0 samples
2026-05-17 15:50:55,114 INFO o.a.j.r.p.AbstractSampleConsumer: class org.apache.jmeter.report.processor.FilterConsumer#stopProducing(): nameFilter produced 15000 samples
2026-05-17 15:50:55,114 INFO o.a.j.r.p.AbstractSampleConsumer: class org.apache.jmeter.report.processor.FilterConsumer#stopProducing(): dateRangeFilter produced 3000 samples
2026-05-17 15:50:55,114 INFO o.a.j.r.p.AbstractSampleConsumer: class org.apache.jmeter.report.processor.NormalizerSampleConsumer#stopProducing(): normalizer produced 1000 samples
2026-05-17 15:50:55,114 INFO o.a.j.r.p.CsvFileSampleSource: produce(): 1000 samples produced in 71ms on channel 0
2026-05-17 15:50:55,114 INFO o.a.j.r.d.ReportGenerator: Exporting data using exporter:'json' of className:'org.apache.jmeter.report.dashboard.JsonExporter'
2026-05-17 15:50:55,151 INFO o.a.j.r.d.JsonExporter: Found data for consumer statisticsSummary in context
2026-05-17 15:50:55,151 INFO o.a.j.r.d.JsonExporter: Creating statistics for overall
2026-05-17 15:50:55,151 INFO o.a.j.r.d.JsonExporter: Creating statistics for other transactions
2026-05-17 15:50:55,152 INFO o.a.j.r.d.JsonExporter: Checking output folder
2026-05-17 15:50:55,152 INFO o.a.j.r.d.JsonExporter: Writing statistics JSON to /Users/roman/Files/ProjectPlan/report_folder/statistics.json
2026-05-17 15:50:55,171 INFO o.a.j.r.d.ReportGenerator: Exporting data using exporter:'html' of className:'org.apache.jmeter.report.dashboard.HtmlTemplateExporter'
2026-05-17 15:50:55,172 INFO o.a.j.r.d.HtmlTemplateExporter: Will generate dashboard in folder: /Users/roman/Files/ProjectPlan/report_folder
2026-05-17 15:50:55,224 INFO o.a.j.r.d.HtmlTemplateExporter: Report will be generated in: /Users/roman/Files/ProjectPlan/report_folder, creating folder structure
2026-05-17 15:50:55,226 INFO o.a.j.r.d.TemplateVisitor: Copying folder from '/opt/homebrew/Cellar/jmeter/5.6.3/libexec/bin/report-template' to '/Users/roman/Files/ProjectPlan/report_folder', got message: /Users/roman/Files/ProjectPlan/report_folder, found non empty folder with following content [/Users/roman/Files/ProjectPlan/report_folder/statistics.json], will be ignored
2026-05-17 15:50:55,367 INFO o.a.j.JMeter: Dashboard generated
